{
  message: 'database connected',
  level: 'info',
  timestamp: '15-11-2021, 10:01:43'
}
{
  message: 'database connected',
  level: 'info',
  timestamp: '15-11-2021, 10:03:35'
}
{
  message: 'database connected',
  level: 'info',
  timestamp: '15-11-2021, 10:04:02'
}
{
  message: 'database connected',
  level: 'info',
  timestamp: '15-11-2021, 10:12:09'
}
{
  message: 'database connected',
  level: 'info',
  timestamp: '15-11-2021, 10:12:24'
}
{
  message: 'database connected',
  level: 'info',
  timestamp: '15-11-2021, 10:13:07'
}
{
  message: 'database connected',
  level: 'info',
  timestamp: '15-11-2021, 10:15:58'
}
{
  message: 'database connected',
  level: 'info',
  timestamp: '15-11-2021, 10:24:12'
}
{
  message: 'database connected',
  level: 'info',
  timestamp: '15-11-2021, 10:54:12'
}
{
  message: 'database connected',
  level: 'info',
  timestamp: '15-11-2021, 11:14:44'
}
{
  message: 'database connected',
  level: 'info',
  timestamp: '15-11-2021, 11:14:48'
}
{
  message: 'database connected',
  level: 'info',
  timestamp: '15-11-2021, 11:20:40'
}
{
  message: 'database connected',
  level: 'info',
  timestamp: '15-11-2021, 11:28:35'
}
{
  message: 'database connected',
  level: 'info',
  timestamp: '15-11-2021, 11:30:24'
}
{
  message: 'database connected',
  level: 'info',
  timestamp: '15-11-2021, 11:30:34'
}
{
  message: 'database connected',
  level: 'info',
  timestamp: '15-11-2021, 11:31:09'
}
{
  message: 'database connected',
  level: 'info',
  timestamp: '15-11-2021, 11:34:41'
}
{
  message: 'database connected',
  level: 'info',
  timestamp: '15-11-2021, 11:35:32'
}
{
  message: 'database connected',
  level: 'info',
  timestamp: '15-11-2021, 11:37:06'
}
{
  message: 'database connected',
  level: 'info',
  timestamp: '15-11-2021, 11:38:48'
}
{
  message: 'database connected',
  level: 'info',
  timestamp: '15-11-2021, 11:38:59'
}
{
  message: 'database connected',
  level: 'info',
  timestamp: '15-11-2021, 11:51:30'
}
{
  message: 'database connected',
  level: 'info',
  timestamp: '15-11-2021, 11:59:05'
}
{
  message: 'database connected',
  level: 'info',
  timestamp: '15-11-2021, 12:02:02'
}
{
  message: 'database connected',
  level: 'info',
  timestamp: '15-11-2021, 12:13:51'
}
{
  message: 'database connected',
  level: 'info',
  timestamp: '15-11-2021, 12:14:07'
}
{
  message: 'database connected',
  level: 'info',
  timestamp: '15-11-2021, 12:16:43'
}
{
  message: 'database connected',
  level: 'info',
  timestamp: '15-11-2021, 12:20:31'
}
{
  message: 'database connected',
  level: 'info',
  timestamp: '15-11-2021, 12:22:17'
}
{
  message: 'database connected',
  level: 'info',
  timestamp: '15-11-2021, 12:22:42'
}
{
  message: 'database connected',
  level: 'info',
  timestamp: '15-11-2021, 12:24:15'
}
{
  message: 'database connected',
  level: 'info',
  timestamp: '15-11-2021, 12:24:34'
}
{
  message: 'database connected',
  level: 'info',
  timestamp: '15-11-2021, 12:24:55'
}
{
  message: 'database connected',
  level: 'info',
  timestamp: '15-11-2021, 12:32:29'
}
{
  message: 'database connected',
  level: 'info',
  timestamp: '15-11-2021, 12:34:23'
}
{
  message: 'database connected',
  level: 'info',
  timestamp: '15-11-2021, 12:35:23'
}
{
  message: 'database connected',
  level: 'info',
  timestamp: '15-11-2021, 12:38:31'
}
{
  message: 'database connected',
  level: 'info',
  timestamp: '15-11-2021, 12:40:27'
}
{
  message: 'database connected',
  level: 'info',
  timestamp: '15-11-2021, 12:43:08'
}
{
  message: 'database connected',
  level: 'info',
  timestamp: '15-11-2021, 12:43:35'
}
{
  message: 'database connected',
  level: 'info',
  timestamp: '15-11-2021, 12:44:50'
}
{
  message: 'database connected',
  level: 'info',
  timestamp: '15-11-2021, 12:44:56'
}
{
  message: 'database connected',
  level: 'info',
  timestamp: '15-11-2021, 12:45:41'
}
{
  message: 'database connected',
  level: 'info',
  timestamp: '15-11-2021, 12:45:50'
}
{
  message: 'database connected',
  level: 'info',
  timestamp: '15-11-2021, 12:47:43'
}
{
  message: 'database connected',
  level: 'info',
  timestamp: '15-11-2021, 12:47:48'
}
{
  message: 'database connected',
  level: 'info',
  timestamp: '15-11-2021, 12:48:57'
}
{
  message: 'database connected',
  level: 'info',
  timestamp: '15-11-2021, 13:57:27'
}
{
  message: 'database connected',
  level: 'info',
  timestamp: '15-11-2021, 16:33:12'
}
