{
  message: 'database connected',
  level: 'info',
  timestamp: '01-11-2021, 10:40:38'
}
{
  message: 'database connected',
  level: 'info',
  timestamp: '01-11-2021, 10:45:35'
}
{
  message: 'database connected',
  level: 'info',
  timestamp: '01-11-2021, 11:27:11'
}
{
  message: 'database connected',
  level: 'info',
  timestamp: '01-11-2021, 11:29:56'
}
{
  message: 'database connected',
  level: 'info',
  timestamp: '01-11-2021, 11:35:02'
}
{
  message: 'database connected',
  level: 'info',
  timestamp: '01-11-2021, 11:39:18'
}
{
  message: 'database connected',
  level: 'info',
  timestamp: '01-11-2021, 12:09:53'
}
{
  message: 'database connected',
  level: 'info',
  timestamp: '01-11-2021, 12:09:54'
}
{
  message: 'database connected',
  level: 'info',
  timestamp: '01-11-2021, 12:12:49'
}
{
  message: 'database connected',
  level: 'info',
  timestamp: '01-11-2021, 12:23:53'
}
{
  message: 'database connected',
  level: 'info',
  timestamp: '01-11-2021, 12:26:22'
}
{
  message: 'database connected',
  level: 'info',
  timestamp: '01-11-2021, 12:45:47'
}
{
  message: 'database connected',
  level: 'info',
  timestamp: '01-11-2021, 14:47:14'
}
{
  message: 'database connected',
  level: 'info',
  timestamp: '01-11-2021, 14:52:37'
}
{
  message: 'database connected',
  level: 'info',
  timestamp: '01-11-2021, 14:57:32'
}
{
  message: 'database connected',
  level: 'info',
  timestamp: '01-11-2021, 14:58:31'
}
{
  message: 'database connected',
  level: 'info',
  timestamp: '01-11-2021, 15:02:12'
}
{
  message: 'database connected',
  level: 'info',
  timestamp: '01-11-2021, 15:19:08'
}
{
  message: 'database connected',
  level: 'info',
  timestamp: '01-11-2021, 15:44:00'
}
