{
  message: 'database connected',
  level: 'info',
  timestamp: '08-11-2021, 11:15:09'
}
{
  message: 'database connected',
  level: 'info',
  timestamp: '08-11-2021, 11:21:36'
}
{
  message: 'database connected',
  level: 'info',
  timestamp: '08-11-2021, 11:22:37'
}
{
  message: 'database connected',
  level: 'info',
  timestamp: '08-11-2021, 11:24:43'
}
{
  message: 'database connected',
  level: 'info',
  timestamp: '08-11-2021, 11:24:48'
}
{
  message: 'database connected',
  level: 'info',
  timestamp: '08-11-2021, 11:26:52'
}
{
  message: 'database connected',
  level: 'info',
  timestamp: '08-11-2021, 11:31:53'
}
{
  message: 'database connected',
  level: 'info',
  timestamp: '08-11-2021, 11:32:01'
}
{
  message: 'database connected',
  level: 'info',
  timestamp: '08-11-2021, 11:32:22'
}
{
  message: 'database connected',
  level: 'info',
  timestamp: '08-11-2021, 11:32:43'
}
{
  message: 'database connected',
  level: 'info',
  timestamp: '08-11-2021, 11:32:59'
}
{
  message: 'database connected',
  level: 'info',
  timestamp: '08-11-2021, 11:34:30'
}
{
  message: 'database connected',
  level: 'info',
  timestamp: '08-11-2021, 11:35:18'
}
