{
  message: 'database connected',
  level: 'info',
  timestamp: '21-11-2021, 12:16:44'
}
{
  message: 'database connected',
  level: 'info',
  timestamp: '21-11-2021, 12:49:18'
}
{
  message: 'database connected',
  level: 'info',
  timestamp: '21-11-2021, 12:50:57'
}
{
  message: 'database connected',
  level: 'info',
  timestamp: '21-11-2021, 12:51:49'
}
{
  message: 'database connected',
  level: 'info',
  timestamp: '21-11-2021, 12:52:13'
}
{
  message: 'database connected',
  level: 'info',
  timestamp: '21-11-2021, 12:52:16'
}
{
  message: 'database connected',
  level: 'info',
  timestamp: '21-11-2021, 12:53:52'
}
{
  message: 'database connected',
  level: 'info',
  timestamp: '21-11-2021, 12:54:11'
}
{
  message: 'database connected',
  level: 'info',
  timestamp: '21-11-2021, 16:35:53'
}
