{
  message: 'database connected',
  level: 'info',
  timestamp: '14-10-2021, 13:01:13'
}
{
  message: 'database connected',
  level: 'info',
  timestamp: '14-10-2021, 13:02:04'
}
{
  message: 'database connected',
  level: 'info',
  timestamp: '14-10-2021, 13:02:48'
}
{
  message: 'database connected',
  level: 'info',
  timestamp: '14-10-2021, 13:03:11'
}
{
  message: 'database connected',
  level: 'info',
  timestamp: '14-10-2021, 13:03:23'
}
{
  message: 'database connected',
  level: 'info',
  timestamp: '14-10-2021, 13:06:35'
}
{
  message: 'database connected',
  level: 'info',
  timestamp: '14-10-2021, 15:39:51'
}
{
  message: 'database connected',
  level: 'info',
  timestamp: '14-10-2021, 15:40:42'
}
{
  message: 'database connected',
  level: 'info',
  timestamp: '14-10-2021, 15:40:59'
}
{
  message: 'database connected',
  level: 'info',
  timestamp: '14-10-2021, 15:41:03'
}
