{
  message: 'database connected',
  level: 'info',
  timestamp: '16-11-2021, 08:11:39'
}
{
  message: 'database connected',
  level: 'info',
  timestamp: '16-11-2021, 08:31:29'
}
{
  message: 'database connected',
  level: 'info',
  timestamp: '16-11-2021, 09:30:08'
}
{
  message: 'database connected',
  level: 'info',
  timestamp: '16-11-2021, 10:03:59'
}
{
  message: 'database connected',
  level: 'info',
  timestamp: '16-11-2021, 10:04:51'
}
{
  message: 'database connected',
  level: 'info',
  timestamp: '16-11-2021, 10:06:10'
}
{
  message: 'database connected',
  level: 'info',
  timestamp: '16-11-2021, 10:06:43'
}
{
  message: 'database connected',
  level: 'info',
  timestamp: '16-11-2021, 10:07:42'
}
{
  message: 'database connected',
  level: 'info',
  timestamp: '16-11-2021, 10:08:03'
}
{
  message: 'database connected',
  level: 'info',
  timestamp: '16-11-2021, 10:08:10'
}
{
  message: 'database connected',
  level: 'info',
  timestamp: '16-11-2021, 10:09:14'
}
{
  message: 'database connected',
  level: 'info',
  timestamp: '16-11-2021, 10:09:28'
}
{
  message: 'database connected',
  level: 'info',
  timestamp: '16-11-2021, 10:10:39'
}
