{
  message: 'database connected',
  level: 'info',
  timestamp: '16-10-2021, 14:15:54'
}
{
  message: 'database connected',
  level: 'info',
  timestamp: '16-10-2021, 14:16:13'
}
{
  message: 'database connected',
  level: 'info',
  timestamp: '16-10-2021, 14:16:23'
}
{
  message: 'database connected',
  level: 'info',
  timestamp: '16-10-2021, 14:25:14'
}
{
  message: 'database connected',
  level: 'info',
  timestamp: '16-10-2021, 14:25:16'
}
{
  message: 'database connected',
  level: 'info',
  timestamp: '16-10-2021, 14:25:18'
}
{
  message: 'database connected',
  level: 'info',
  timestamp: '16-10-2021, 14:25:24'
}
{
  message: 'database connected',
  level: 'info',
  timestamp: '16-10-2021, 14:25:26'
}
{
  message: 'database connected',
  level: 'info',
  timestamp: '16-10-2021, 14:27:48'
}
{
  message: 'database connected',
  level: 'info',
  timestamp: '16-10-2021, 14:30:37'
}
{
  message: 'database connected',
  level: 'info',
  timestamp: '16-10-2021, 14:30:47'
}
{
  message: 'database connected',
  level: 'info',
  timestamp: '16-10-2021, 14:32:28'
}
{
  message: 'database connected',
  level: 'info',
  timestamp: '16-10-2021, 14:33:53'
}
{
  message: 'database connected',
  level: 'info',
  timestamp: '16-10-2021, 14:33:56'
}
{
  message: 'database connected',
  level: 'info',
  timestamp: '16-10-2021, 14:34:08'
}
{
  message: 'database connected',
  level: 'info',
  timestamp: '16-10-2021, 15:22:21'
}
{
  message: 'database connected',
  level: 'info',
  timestamp: '16-10-2021, 15:27:02'
}
{
  message: 'database connected',
  level: 'info',
  timestamp: '16-10-2021, 15:27:05'
}
