{
  message: 'database connected',
  level: 'info',
  timestamp: '20-11-2021, 10:40:11'
}
{
  message: 'database connected',
  level: 'info',
  timestamp: '20-11-2021, 11:59:05'
}
{
  message: 'database connected',
  level: 'info',
  timestamp: '20-11-2021, 12:04:39'
}
{
  message: 'database connected',
  level: 'info',
  timestamp: '20-11-2021, 12:05:38'
}
{
  message: 'database connected',
  level: 'info',
  timestamp: '20-11-2021, 12:08:32'
}
{
  message: 'database connected',
  level: 'info',
  timestamp: '20-11-2021, 12:38:03'
}
{
  message: 'database connected',
  level: 'info',
  timestamp: '20-11-2021, 12:39:17'
}
{
  message: 'database connected',
  level: 'info',
  timestamp: '20-11-2021, 12:40:02'
}
{
  message: 'database connected',
  level: 'info',
  timestamp: '20-11-2021, 12:40:12'
}
{
  message: 'database connected',
  level: 'info',
  timestamp: '20-11-2021, 12:42:43'
}
{
  message: 'database connected',
  level: 'info',
  timestamp: '20-11-2021, 12:42:58'
}
{
  message: 'database connected',
  level: 'info',
  timestamp: '20-11-2021, 12:47:45'
}
{
  message: 'database connected',
  level: 'info',
  timestamp: '20-11-2021, 12:49:05'
}
{
  message: 'database connected',
  level: 'info',
  timestamp: '20-11-2021, 12:49:35'
}
{
  message: 'database connected',
  level: 'info',
  timestamp: '20-11-2021, 18:15:04'
}
{
  message: 'database connected',
  level: 'info',
  timestamp: '20-11-2021, 18:16:56'
}
{
  message: 'database connected',
  level: 'info',
  timestamp: '20-11-2021, 18:17:17'
}
{
  message: 'database connected',
  level: 'info',
  timestamp: '20-11-2021, 18:17:41'
}
{
  message: 'database connected',
  level: 'info',
  timestamp: '20-11-2021, 18:19:02'
}
{
  message: 'database connected',
  level: 'info',
  timestamp: '20-11-2021, 18:20:00'
}
{
  message: 'database connected',
  level: 'info',
  timestamp: '20-11-2021, 18:22:11'
}
{
  message: 'database connected',
  level: 'info',
  timestamp: '20-11-2021, 18:23:27'
}
{
  message: 'database connected',
  level: 'info',
  timestamp: '20-11-2021, 18:25:11'
}
{
  message: 'database connected',
  level: 'info',
  timestamp: '20-11-2021, 18:27:54'
}
{
  message: 'database connected',
  level: 'info',
  timestamp: '20-11-2021, 18:31:44'
}
{
  message: 'database connected',
  level: 'info',
  timestamp: '20-11-2021, 18:32:16'
}
