{
  message: 'database connected',
  level: 'info',
  timestamp: '23-11-2021, 12:09:22'
}
{
  message: 'database connected',
  level: 'info',
  timestamp: '23-11-2021, 12:09:27'
}
{
  message: 'database connected',
  level: 'info',
  timestamp: '23-11-2021, 12:09:32'
}
{
  message: 'database connected',
  level: 'info',
  timestamp: '23-11-2021, 12:09:37'
}
{
  message: 'database connected',
  level: 'info',
  timestamp: '23-11-2021, 12:18:54'
}
{
  message: 'database connected',
  level: 'info',
  timestamp: '23-11-2021, 12:23:15'
}
{
  message: 'database connected',
  level: 'info',
  timestamp: '23-11-2021, 12:27:13'
}
{
  message: 'database connected',
  level: 'info',
  timestamp: '23-11-2021, 12:28:26'
}
{
  message: 'database connected',
  level: 'info',
  timestamp: '23-11-2021, 12:32:14'
}
