{
  message: 'database connected',
  level: 'info',
  timestamp: '12-10-2021, 14:41:45'
}
{
  message: 'database connected',
  level: 'info',
  timestamp: '12-10-2021, 14:46:46'
}
{
  message: 'database connected',
  level: 'info',
  timestamp: '12-10-2021, 14:55:23'
}
{
  message: 'database connected',
  level: 'info',
  timestamp: '12-10-2021, 14:57:59'
}
{
  message: 'database connected',
  level: 'info',
  timestamp: '12-10-2021, 15:23:37'
}
{
  message: 'database connected',
  level: 'info',
  timestamp: '12-10-2021, 15:42:10'
}
{
  message: 'database connected',
  level: 'info',
  timestamp: '12-10-2021, 15:46:52'
}
{
  message: 'database connected',
  level: 'info',
  timestamp: '12-10-2021, 16:04:45'
}
{
  message: 'database connected',
  level: 'info',
  timestamp: '12-10-2021, 16:12:52'
}
{
  message: 'database connected',
  level: 'info',
  timestamp: '12-10-2021, 16:14:07'
}
{
  message: 'database connected',
  level: 'info',
  timestamp: '12-10-2021, 16:16:10'
}
{
  message: 'database connected',
  level: 'info',
  timestamp: '12-10-2021, 16:18:16'
}
{
  message: 'database connected',
  level: 'info',
  timestamp: '12-10-2021, 16:21:41'
}
{
  message: 'database connected',
  level: 'info',
  timestamp: '12-10-2021, 16:22:17'
}
{
  message: 'database connected',
  level: 'info',
  timestamp: '12-10-2021, 16:23:28'
}
