{
  message: 'database connected',
  level: 'info',
  timestamp: '13-11-2021, 10:22:33'
}
{
  message: 'database connected',
  level: 'info',
  timestamp: '13-11-2021, 10:25:02'
}
{
  message: 'database connected',
  level: 'info',
  timestamp: '13-11-2021, 10:31:53'
}
{
  message: 'database connected',
  level: 'info',
  timestamp: '13-11-2021, 11:06:01'
}
{
  message: 'database connected',
  level: 'info',
  timestamp: '13-11-2021, 16:19:11'
}
{
  message: 'database connected',
  level: 'info',
  timestamp: '13-11-2021, 16:38:03'
}
{
  message: 'database connected',
  level: 'info',
  timestamp: '13-11-2021, 16:39:31'
}
{
  message: 'database connected',
  level: 'info',
  timestamp: '13-11-2021, 16:39:49'
}
{
  message: 'database connected',
  level: 'info',
  timestamp: '13-11-2021, 16:40:55'
}
{
  message: 'database connected',
  level: 'info',
  timestamp: '13-11-2021, 16:41:15'
}
{
  message: 'database connected',
  level: 'info',
  timestamp: '13-11-2021, 16:43:31'
}
{
  message: 'database connected',
  level: 'info',
  timestamp: '13-11-2021, 16:45:09'
}
{
  message: 'database connected',
  level: 'info',
  timestamp: '13-11-2021, 16:47:54'
}
{
  message: 'database connected',
  level: 'info',
  timestamp: '13-11-2021, 16:48:12'
}
{
  message: 'database connected',
  level: 'info',
  timestamp: '13-11-2021, 16:54:19'
}
{
  message: 'database connected',
  level: 'info',
  timestamp: '13-11-2021, 16:55:10'
}
{
  message: 'database connected',
  level: 'info',
  timestamp: '13-11-2021, 16:55:21'
}
{
  message: 'database connected',
  level: 'info',
  timestamp: '13-11-2021, 17:05:57'
}
{
  message: 'database connected',
  level: 'info',
  timestamp: '13-11-2021, 17:49:25'
}
{
  message: 'database connected',
  level: 'info',
  timestamp: '13-11-2021, 18:44:40'
}
{
  message: 'database connected',
  level: 'info',
  timestamp: '13-11-2021, 19:16:25'
}
{
  message: 'database connected',
  level: 'info',
  timestamp: '13-11-2021, 19:17:06'
}
{
  message: 'database connected',
  level: 'info',
  timestamp: '13-11-2021, 19:17:43'
}
{
  message: 'database connected',
  level: 'info',
  timestamp: '13-11-2021, 19:19:30'
}
{
  message: 'database connected',
  level: 'info',
  timestamp: '13-11-2021, 19:20:27'
}
{
  message: 'database connected',
  level: 'info',
  timestamp: '13-11-2021, 19:20:36'
}
{
  message: 'database connected',
  level: 'info',
  timestamp: '13-11-2021, 20:51:10'
}
{
  message: 'database connected',
  level: 'info',
  timestamp: '13-11-2021, 20:52:33'
}
{
  message: 'database connected',
  level: 'info',
  timestamp: '13-11-2021, 20:54:45'
}
{
  message: 'database connected',
  level: 'info',
  timestamp: '13-11-2021, 20:57:36'
}
{
  message: 'database connected',
  level: 'info',
  timestamp: '13-11-2021, 20:58:01'
}
{
  message: 'database connected',
  level: 'info',
  timestamp: '13-11-2021, 20:58:08'
}
{
  message: 'database connected',
  level: 'info',
  timestamp: '13-11-2021, 20:59:42'
}
{
  message: 'database connected',
  level: 'info',
  timestamp: '13-11-2021, 21:00:21'
}
{
  message: 'database connected',
  level: 'info',
  timestamp: '13-11-2021, 21:03:26'
}
{
  message: 'database connected',
  level: 'info',
  timestamp: '13-11-2021, 21:04:49'
}
{
  message: 'database connected',
  level: 'info',
  timestamp: '13-11-2021, 21:07:32'
}
