{
  message: 'database connected',
  level: 'info',
  timestamp: '24-10-2021, 15:46:56'
}
{
  message: 'database connected',
  level: 'info',
  timestamp: '24-10-2021, 15:48:20'
}
{
  message: 'database connected',
  level: 'info',
  timestamp: '24-10-2021, 15:48:35'
}
{
  message: 'database connected',
  level: 'info',
  timestamp: '24-10-2021, 15:48:56'
}
{
  message: 'database connected',
  level: 'info',
  timestamp: '24-10-2021, 15:50:27'
}
{
  message: 'database connected',
  level: 'info',
  timestamp: '24-10-2021, 15:50:42'
}
{
  message: 'database connected',
  level: 'info',
  timestamp: '24-10-2021, 15:50:52'
}
{
  message: 'database connected',
  level: 'info',
  timestamp: '24-10-2021, 15:51:25'
}
{
  message: 'database connected',
  level: 'info',
  timestamp: '24-10-2021, 15:55:50'
}
{
  message: 'database connected',
  level: 'info',
  timestamp: '24-10-2021, 15:56:00'
}
{
  message: 'database connected',
  level: 'info',
  timestamp: '24-10-2021, 15:57:23'
}
