{
  message: 'database connected',
  level: 'info',
  timestamp: '11-11-2021, 08:20:51'
}
{
  message: 'database connected',
  level: 'info',
  timestamp: '11-11-2021, 08:23:27'
}
{
  message: 'database connected',
  level: 'info',
  timestamp: '11-11-2021, 08:34:54'
}
{
  message: 'database connected',
  level: 'info',
  timestamp: '11-11-2021, 08:36:37'
}
{
  message: 'database connected',
  level: 'info',
  timestamp: '11-11-2021, 08:41:54'
}
{
  message: 'database connected',
  level: 'info',
  timestamp: '11-11-2021, 08:45:52'
}
{
  message: 'database connected',
  level: 'info',
  timestamp: '11-11-2021, 08:46:32'
}
{
  message: 'database connected',
  level: 'info',
  timestamp: '11-11-2021, 08:47:14'
}
{
  message: 'database connected',
  level: 'info',
  timestamp: '11-11-2021, 08:47:58'
}
{
  message: 'database connected',
  level: 'info',
  timestamp: '11-11-2021, 08:48:28'
}
{
  message: 'database connected',
  level: 'info',
  timestamp: '11-11-2021, 08:49:01'
}
{
  message: 'database connected',
  level: 'info',
  timestamp: '11-11-2021, 08:50:58'
}
{
  message: 'database connected',
  level: 'info',
  timestamp: '11-11-2021, 09:30:47'
}
{
  message: 'database connected',
  level: 'info',
  timestamp: '11-11-2021, 09:31:21'
}
{
  message: 'database connected',
  level: 'info',
  timestamp: '11-11-2021, 09:31:52'
}
{
  message: 'database connected',
  level: 'info',
  timestamp: '11-11-2021, 09:36:31'
}
{
  message: 'database connected',
  level: 'info',
  timestamp: '11-11-2021, 09:38:58'
}
{
  message: 'database connected',
  level: 'info',
  timestamp: '11-11-2021, 09:40:08'
}
{
  message: 'database connected',
  level: 'info',
  timestamp: '11-11-2021, 09:42:39'
}
{
  message: 'database connected',
  level: 'info',
  timestamp: '11-11-2021, 09:43:00'
}
{
  message: 'database connected',
  level: 'info',
  timestamp: '11-11-2021, 10:00:46'
}
{
  message: 'database connected',
  level: 'info',
  timestamp: '11-11-2021, 10:03:45'
}
{
  message: 'database connected',
  level: 'info',
  timestamp: '11-11-2021, 10:04:34'
}
{
  message: 'database connected',
  level: 'info',
  timestamp: '11-11-2021, 10:04:57'
}
{
  message: 'database connected',
  level: 'info',
  timestamp: '11-11-2021, 10:05:40'
}
{
  message: 'database connected',
  level: 'info',
  timestamp: '11-11-2021, 10:21:30'
}
{
  message: 'database connected',
  level: 'info',
  timestamp: '11-11-2021, 10:26:01'
}
{
  message: 'database connected',
  level: 'info',
  timestamp: '11-11-2021, 10:28:36'
}
{
  message: 'database connected',
  level: 'info',
  timestamp: '11-11-2021, 10:29:45'
}
{
  message: 'database connected',
  level: 'info',
  timestamp: '11-11-2021, 10:33:48'
}
{
  message: 'database connected',
  level: 'info',
  timestamp: '11-11-2021, 10:34:05'
}
{
  message: 'database connected',
  level: 'info',
  timestamp: '11-11-2021, 10:35:29'
}
{
  message: 'database connected',
  level: 'info',
  timestamp: '11-11-2021, 10:37:09'
}
{
  message: 'database connected',
  level: 'info',
  timestamp: '11-11-2021, 10:37:37'
}
{
  message: 'database connected',
  level: 'info',
  timestamp: '11-11-2021, 10:38:09'
}
{
  message: 'database connected',
  level: 'info',
  timestamp: '11-11-2021, 10:39:20'
}
{
  message: 'database connected',
  level: 'info',
  timestamp: '11-11-2021, 10:40:21'
}
{
  message: 'database connected',
  level: 'info',
  timestamp: '11-11-2021, 10:41:44'
}
{
  message: 'database connected',
  level: 'info',
  timestamp: '11-11-2021, 10:42:23'
}
{
  message: 'database connected',
  level: 'info',
  timestamp: '11-11-2021, 10:47:23'
}
{
  message: 'database connected',
  level: 'info',
  timestamp: '11-11-2021, 10:48:13'
}
{
  message: 'database connected',
  level: 'info',
  timestamp: '11-11-2021, 10:48:30'
}
{
  message: 'database connected',
  level: 'info',
  timestamp: '11-11-2021, 10:50:02'
}
{
  message: 'database connected',
  level: 'info',
  timestamp: '11-11-2021, 10:50:59'
}
{
  message: 'database connected',
  level: 'info',
  timestamp: '11-11-2021, 10:51:05'
}
{
  message: 'database connected',
  level: 'info',
  timestamp: '11-11-2021, 10:52:09'
}
{
  message: 'database connected',
  level: 'info',
  timestamp: '11-11-2021, 10:53:01'
}
{
  message: 'database connected',
  level: 'info',
  timestamp: '11-11-2021, 10:55:49'
}
{
  message: 'database connected',
  level: 'info',
  timestamp: '11-11-2021, 10:56:57'
}
{
  message: 'database connected',
  level: 'info',
  timestamp: '11-11-2021, 12:00:17'
}
{
  message: 'database connected',
  level: 'info',
  timestamp: '11-11-2021, 12:01:00'
}
{
  message: 'database connected',
  level: 'info',
  timestamp: '11-11-2021, 12:02:46'
}
{
  message: 'database connected',
  level: 'info',
  timestamp: '11-11-2021, 12:05:03'
}
{
  message: 'database connected',
  level: 'info',
  timestamp: '11-11-2021, 12:15:35'
}
{
  message: 'database connected',
  level: 'info',
  timestamp: '11-11-2021, 12:16:08'
}
{
  message: 'database connected',
  level: 'info',
  timestamp: '11-11-2021, 12:16:46'
}
{
  message: 'database connected',
  level: 'info',
  timestamp: '11-11-2021, 12:18:22'
}
{
  message: 'database connected',
  level: 'info',
  timestamp: '11-11-2021, 12:20:05'
}
{
  message: 'database connected',
  level: 'info',
  timestamp: '11-11-2021, 12:25:06'
}
{
  message: 'database connected',
  level: 'info',
  timestamp: '11-11-2021, 12:28:08'
}
{
  message: 'database connected',
  level: 'info',
  timestamp: '11-11-2021, 12:28:16'
}
{
  message: 'database connected',
  level: 'info',
  timestamp: '11-11-2021, 12:30:29'
}
{
  message: 'database connected',
  level: 'info',
  timestamp: '11-11-2021, 12:30:53'
}
{
  message: 'database connected',
  level: 'info',
  timestamp: '11-11-2021, 12:35:16'
}
{
  message: 'database connected',
  level: 'info',
  timestamp: '11-11-2021, 12:36:14'
}
{
  message: 'database connected',
  level: 'info',
  timestamp: '11-11-2021, 12:53:34'
}
{
  message: 'database connected',
  level: 'info',
  timestamp: '11-11-2021, 12:57:18'
}
