{
  message: 'database connected',
  level: 'info',
  timestamp: '19-10-2021, 17:26:51'
}
{
  message: 'database connected',
  level: 'info',
  timestamp: '19-10-2021, 17:30:21'
}
{
  message: 'database connected',
  level: 'info',
  timestamp: '19-10-2021, 17:32:23'
}
{
  message: 'database connected',
  level: 'info',
  timestamp: '19-10-2021, 17:32:50'
}
{
  message: 'database connected',
  level: 'info',
  timestamp: '19-10-2021, 17:34:09'
}
{
  message: 'database connected',
  level: 'info',
  timestamp: '19-10-2021, 17:34:23'
}
{
  message: 'database connected',
  level: 'info',
  timestamp: '19-10-2021, 17:37:52'
}
{
  message: 'database connected',
  level: 'info',
  timestamp: '19-10-2021, 17:38:27'
}
{
  message: 'database connected',
  level: 'info',
  timestamp: '19-10-2021, 17:39:25'
}
{
  message: 'database connected',
  level: 'info',
  timestamp: '19-10-2021, 17:42:52'
}
{
  message: 'database connected',
  level: 'info',
  timestamp: '19-10-2021, 17:44:59'
}
{
  message: 'database connected',
  level: 'info',
  timestamp: '19-10-2021, 17:46:26'
}
{
  message: 'database connected',
  level: 'info',
  timestamp: '19-10-2021, 17:46:41'
}
{
  message: 'database connected',
  level: 'info',
  timestamp: '19-10-2021, 17:46:53'
}
{
  message: 'database connected',
  level: 'info',
  timestamp: '19-10-2021, 17:47:40'
}
{
  message: 'database connected',
  level: 'info',
  timestamp: '19-10-2021, 17:49:59'
}
{
  message: 'database connected',
  level: 'info',
  timestamp: '19-10-2021, 17:51:28'
}
{
  message: 'database connected',
  level: 'info',
  timestamp: '19-10-2021, 17:51:44'
}
{
  message: 'database connected',
  level: 'info',
  timestamp: '19-10-2021, 17:52:15'
}
{
  message: 'database connected',
  level: 'info',
  timestamp: '19-10-2021, 17:52:22'
}
{
  message: 'database connected',
  level: 'info',
  timestamp: '19-10-2021, 17:52:25'
}
{
  message: 'database connected',
  level: 'info',
  timestamp: '19-10-2021, 17:52:36'
}
{
  message: 'database connected',
  level: 'info',
  timestamp: '19-10-2021, 17:52:59'
}
{
  message: 'database connected',
  level: 'info',
  timestamp: '19-10-2021, 17:54:00'
}
{
  message: 'database connected',
  level: 'info',
  timestamp: '19-10-2021, 17:56:10'
}
{
  message: 'database connected',
  level: 'info',
  timestamp: '19-10-2021, 18:00:36'
}
{
  message: 'database connected',
  level: 'info',
  timestamp: '19-10-2021, 18:01:20'
}
{
  message: 'database connected',
  level: 'info',
  timestamp: '19-10-2021, 18:02:34'
}
{
  message: 'database connected',
  level: 'info',
  timestamp: '19-10-2021, 18:15:41'
}
{
  message: 'database connected',
  level: 'info',
  timestamp: '19-10-2021, 18:18:50'
}
{
  message: 'database connected',
  level: 'info',
  timestamp: '19-10-2021, 18:26:27'
}
{
  message: 'database connected',
  level: 'info',
  timestamp: '19-10-2021, 18:28:02'
}
{
  message: 'database connected',
  level: 'info',
  timestamp: '19-10-2021, 18:28:38'
}
{
  message: 'database connected',
  level: 'info',
  timestamp: '19-10-2021, 18:29:23'
}
{
  message: 'database connected',
  level: 'info',
  timestamp: '19-10-2021, 18:33:02'
}
{
  message: 'database connected',
  level: 'info',
  timestamp: '19-10-2021, 18:33:12'
}
{
  message: 'database connected',
  level: 'info',
  timestamp: '19-10-2021, 18:35:43'
}
{
  message: 'database connected',
  level: 'info',
  timestamp: '19-10-2021, 18:39:05'
}
{
  message: 'database connected',
  level: 'info',
  timestamp: '19-10-2021, 18:41:27'
}
{
  message: 'database connected',
  level: 'info',
  timestamp: '19-10-2021, 18:42:40'
}
{
  message: 'database connected',
  level: 'info',
  timestamp: '19-10-2021, 18:42:47'
}
{
  message: 'database connected',
  level: 'info',
  timestamp: '19-10-2021, 18:47:47'
}
{
  message: 'database connected',
  level: 'info',
  timestamp: '19-10-2021, 18:48:58'
}
{
  message: 'database connected',
  level: 'info',
  timestamp: '19-10-2021, 18:49:22'
}
{
  message: 'database connected',
  level: 'info',
  timestamp: '19-10-2021, 18:50:14'
}
{
  message: 'database connected',
  level: 'info',
  timestamp: '19-10-2021, 18:50:19'
}
{
  message: 'database connected',
  level: 'info',
  timestamp: '19-10-2021, 18:50:33'
}
