{
  message: 'database connected',
  level: 'info',
  timestamp: '20-10-2021, 08:58:54'
}
{
  message: 'database connected',
  level: 'info',
  timestamp: '20-10-2021, 09:01:50'
}
{
  message: 'database connected',
  level: 'info',
  timestamp: '20-10-2021, 09:14:12'
}
{
  message: 'database connected',
  level: 'info',
  timestamp: '20-10-2021, 09:16:52'
}
{
  message: 'database connected',
  level: 'info',
  timestamp: '20-10-2021, 10:40:28'
}
{
  message: 'database connected',
  level: 'info',
  timestamp: '20-10-2021, 10:43:07'
}
{
  message: 'database connected',
  level: 'info',
  timestamp: '20-10-2021, 10:47:18'
}
{
  message: 'database connected',
  level: 'info',
  timestamp: '20-10-2021, 10:47:22'
}
{
  message: 'database connected',
  level: 'info',
  timestamp: '20-10-2021, 10:47:59'
}
{
  message: 'database connected',
  level: 'info',
  timestamp: '20-10-2021, 10:48:43'
}
{
  message: 'database connected',
  level: 'info',
  timestamp: '20-10-2021, 10:49:08'
}
{
  message: 'database connected',
  level: 'info',
  timestamp: '20-10-2021, 10:50:35'
}
{
  message: 'database connected',
  level: 'info',
  timestamp: '20-10-2021, 10:57:48'
}
{
  message: 'database connected',
  level: 'info',
  timestamp: '20-10-2021, 10:58:53'
}
{
  message: 'database connected',
  level: 'info',
  timestamp: '20-10-2021, 11:01:07'
}
{
  message: 'database connected',
  level: 'info',
  timestamp: '20-10-2021, 11:02:36'
}
{
  message: 'database connected',
  level: 'info',
  timestamp: '20-10-2021, 11:07:35'
}
{
  message: 'database connected',
  level: 'info',
  timestamp: '20-10-2021, 12:24:11'
}
{
  message: 'database connected',
  level: 'info',
  timestamp: '20-10-2021, 14:06:12'
}
{
  message: 'database connected',
  level: 'info',
  timestamp: '20-10-2021, 14:06:56'
}
{
  message: 'database connected',
  level: 'info',
  timestamp: '20-10-2021, 14:07:04'
}
{
  message: 'database connected',
  level: 'info',
  timestamp: '20-10-2021, 14:08:37'
}
{
  message: 'database connected',
  level: 'info',
  timestamp: '20-10-2021, 14:08:59'
}
{
  message: 'database connected',
  level: 'info',
  timestamp: '20-10-2021, 14:28:56'
}
{
  message: 'database connected',
  level: 'info',
  timestamp: '20-10-2021, 14:29:20'
}
{
  message: 'database connected',
  level: 'info',
  timestamp: '20-10-2021, 14:30:50'
}
{
  message: 'database connected',
  level: 'info',
  timestamp: '20-10-2021, 14:32:32'
}
{
  message: 'database connected',
  level: 'info',
  timestamp: '20-10-2021, 14:33:32'
}
{
  message: 'database connected',
  level: 'info',
  timestamp: '20-10-2021, 14:35:17'
}
{
  message: 'database connected',
  level: 'info',
  timestamp: '20-10-2021, 14:35:57'
}
{
  message: 'database connected',
  level: 'info',
  timestamp: '20-10-2021, 14:36:05'
}
{
  message: 'database connected',
  level: 'info',
  timestamp: '20-10-2021, 14:37:02'
}
{
  message: 'database connected',
  level: 'info',
  timestamp: '20-10-2021, 14:38:39'
}
{
  message: 'database connected',
  level: 'info',
  timestamp: '20-10-2021, 14:41:59'
}
{
  message: 'database connected',
  level: 'info',
  timestamp: '20-10-2021, 14:42:43'
}
