{
  message: 'database connected',
  level: 'info',
  timestamp: '02-11-2021, 11:09:20'
}
{
  message: 'database connected',
  level: 'info',
  timestamp: '02-11-2021, 11:20:24'
}
{
  message: 'database connected',
  level: 'info',
  timestamp: '02-11-2021, 11:27:07'
}
{
  message: 'database connected',
  level: 'info',
  timestamp: '02-11-2021, 11:36:58'
}
{
  message: 'database connected',
  level: 'info',
  timestamp: '02-11-2021, 12:07:13'
}
{
  message: 'database connected',
  level: 'info',
  timestamp: '02-11-2021, 12:11:13'
}
