{
  message: 'database connected',
  level: 'info',
  timestamp: '07-11-2021, 13:51:38'
}
{
  message: 'database connected',
  level: 'info',
  timestamp: '07-11-2021, 13:58:52'
}
{
  message: 'database connected',
  level: 'info',
  timestamp: '07-11-2021, 13:59:23'
}
{
  message: 'database connected',
  level: 'info',
  timestamp: '07-11-2021, 14:06:48'
}
{
  message: 'database connected',
  level: 'info',
  timestamp: '07-11-2021, 14:07:15'
}
{
  message: 'database connected',
  level: 'info',
  timestamp: '07-11-2021, 14:09:26'
}
{
  message: 'database connected',
  level: 'info',
  timestamp: '07-11-2021, 14:10:23'
}
{
  message: 'database connected',
  level: 'info',
  timestamp: '07-11-2021, 14:16:43'
}
{
  message: 'database connected',
  level: 'info',
  timestamp: '07-11-2021, 14:17:28'
}
{
  message: 'database connected',
  level: 'info',
  timestamp: '07-11-2021, 14:18:45'
}
{
  message: 'database connected',
  level: 'info',
  timestamp: '07-11-2021, 14:22:05'
}
{
  message: 'database connected',
  level: 'info',
  timestamp: '07-11-2021, 17:03:34'
}
{
  message: 'database connected',
  level: 'info',
  timestamp: '07-11-2021, 17:03:48'
}
{
  message: 'database connected',
  level: 'info',
  timestamp: '07-11-2021, 17:13:13'
}
{
  message: 'database connected',
  level: 'info',
  timestamp: '07-11-2021, 17:14:41'
}
{
  message: 'database connected',
  level: 'info',
  timestamp: '07-11-2021, 17:15:31'
}
{
  message: 'database connected',
  level: 'info',
  timestamp: '07-11-2021, 17:36:13'
}
{
  message: 'database connected',
  level: 'info',
  timestamp: '07-11-2021, 17:38:22'
}
