{
  message: 'database connected',
  level: 'info',
  timestamp: '10-11-2021, 18:50:22'
}
{
  message: 'database connected',
  level: 'info',
  timestamp: '10-11-2021, 20:38:25'
}
{
  message: 'database connected',
  level: 'info',
  timestamp: '10-11-2021, 21:05:25'
}
{
  message: 'database connected',
  level: 'info',
  timestamp: '10-11-2021, 21:05:29'
}
{
  message: 'database connected',
  level: 'info',
  timestamp: '10-11-2021, 21:08:59'
}
{
  message: 'database connected',
  level: 'info',
  timestamp: '10-11-2021, 21:15:53'
}
{
  message: 'database connected',
  level: 'info',
  timestamp: '10-11-2021, 21:15:56'
}
{
  message: 'database connected',
  level: 'info',
  timestamp: '10-11-2021, 21:19:16'
}
{
  message: 'database connected',
  level: 'info',
  timestamp: '10-11-2021, 21:19:56'
}
{
  message: 'database connected',
  level: 'info',
  timestamp: '10-11-2021, 21:20:10'
}
{
  message: 'database connected',
  level: 'info',
  timestamp: '10-11-2021, 21:25:25'
}
{
  message: 'database connected',
  level: 'info',
  timestamp: '10-11-2021, 21:47:48'
}
{
  message: 'database connected',
  level: 'info',
  timestamp: '10-11-2021, 21:57:15'
}
{
  message: 'database connected',
  level: 'info',
  timestamp: '10-11-2021, 21:57:42'
}
{
  message: 'database connected',
  level: 'info',
  timestamp: '10-11-2021, 21:58:25'
}
