{
  message: 'database connected',
  level: 'info',
  timestamp: '22-10-2021, 09:33:36'
}
{
  message: 'database connected',
  level: 'info',
  timestamp: '22-10-2021, 09:34:29'
}
{
  message: 'database connected',
  level: 'info',
  timestamp: '22-10-2021, 09:34:41'
}
{
  message: 'database connected',
  level: 'info',
  timestamp: '22-10-2021, 09:35:47'
}
{
  message: 'database connected',
  level: 'info',
  timestamp: '22-10-2021, 09:36:24'
}
{
  message: 'database connected',
  level: 'info',
  timestamp: '22-10-2021, 09:49:56'
}
{
  message: 'database connected',
  level: 'info',
  timestamp: '22-10-2021, 09:50:10'
}
{
  message: 'database connected',
  level: 'info',
  timestamp: '22-10-2021, 09:51:14'
}
{
  message: 'database connected',
  level: 'info',
  timestamp: '22-10-2021, 09:51:18'
}
{
  message: 'database connected',
  level: 'info',
  timestamp: '22-10-2021, 09:53:32'
}
{
  message: 'database connected',
  level: 'info',
  timestamp: '22-10-2021, 09:55:15'
}
{
  message: 'database connected',
  level: 'info',
  timestamp: '22-10-2021, 09:55:25'
}
{
  message: 'database connected',
  level: 'info',
  timestamp: '22-10-2021, 09:57:12'
}
{
  message: 'database connected',
  level: 'info',
  timestamp: '22-10-2021, 09:57:26'
}
