{
  message: 'database connected',
  level: 'info',
  timestamp: '13-10-2021, 07:56:05'
}
{
  message: 'database connected',
  level: 'info',
  timestamp: '13-10-2021, 08:11:07'
}
{
  message: 'database connected',
  level: 'info',
  timestamp: '13-10-2021, 11:40:59'
}
{
  message: 'database connected',
  level: 'info',
  timestamp: '13-10-2021, 11:41:52'
}
{
  message: 'database connected',
  level: 'info',
  timestamp: '13-10-2021, 11:44:47'
}
{
  message: 'database connected',
  level: 'info',
  timestamp: '13-10-2021, 11:45:17'
}
{
  message: 'database connected',
  level: 'info',
  timestamp: '13-10-2021, 11:46:42'
}
{
  message: 'database connected',
  level: 'info',
  timestamp: '13-10-2021, 11:47:20'
}
{
  message: 'database connected',
  level: 'info',
  timestamp: '13-10-2021, 11:48:15'
}
{
  message: 'database connected',
  level: 'info',
  timestamp: '13-10-2021, 11:49:52'
}
{
  message: 'database connected',
  level: 'info',
  timestamp: '13-10-2021, 17:05:54'
}
{
  message: 'database connected',
  level: 'info',
  timestamp: '13-10-2021, 17:06:51'
}
{
  message: 'database connected',
  level: 'info',
  timestamp: '13-10-2021, 17:11:32'
}
{
  message: 'database connected',
  level: 'info',
  timestamp: '13-10-2021, 17:12:25'
}
{
  message: 'database connected',
  level: 'info',
  timestamp: '13-10-2021, 17:12:58'
}
{
  message: 'database connected',
  level: 'info',
  timestamp: '13-10-2021, 17:13:51'
}
{
  message: 'database connected',
  level: 'info',
  timestamp: '13-10-2021, 17:14:24'
}
{
  message: 'database connected',
  level: 'info',
  timestamp: '13-10-2021, 17:14:49'
}
{
  message: 'database connected',
  level: 'info',
  timestamp: '13-10-2021, 17:16:12'
}
{
  message: 'database connected',
  level: 'info',
  timestamp: '13-10-2021, 17:17:19'
}
{
  message: 'database connected',
  level: 'info',
  timestamp: '13-10-2021, 17:18:14'
}
{
  message: 'database connected',
  level: 'info',
  timestamp: '13-10-2021, 17:19:43'
}
{
  message: 'database connected',
  level: 'info',
  timestamp: '13-10-2021, 17:20:33'
}
