{
  message: 'database connected',
  level: 'info',
  timestamp: '31-10-2021, 09:07:32'
}
{
  message: 'database connected',
  level: 'info',
  timestamp: '31-10-2021, 09:09:45'
}
{
  message: 'database connected',
  level: 'info',
  timestamp: '31-10-2021, 09:10:17'
}
{
  message: 'database connected',
  level: 'info',
  timestamp: '31-10-2021, 09:10:50'
}
{
  message: 'database connected',
  level: 'info',
  timestamp: '31-10-2021, 09:16:34'
}
{
  message: 'database connected',
  level: 'info',
  timestamp: '31-10-2021, 09:16:51'
}
{
  message: 'database connected',
  level: 'info',
  timestamp: '31-10-2021, 09:19:17'
}
{
  message: 'database connected',
  level: 'info',
  timestamp: '31-10-2021, 09:30:19'
}
{
  message: 'database connected',
  level: 'info',
  timestamp: '31-10-2021, 09:35:48'
}
{
  message: 'database connected',
  level: 'info',
  timestamp: '31-10-2021, 09:37:17'
}
{
  message: 'database connected',
  level: 'info',
  timestamp: '31-10-2021, 11:09:04'
}
{
  message: 'database connected',
  level: 'info',
  timestamp: '31-10-2021, 11:10:11'
}
{
  message: 'database connected',
  level: 'info',
  timestamp: '31-10-2021, 11:14:21'
}
{
  message: 'database connected',
  level: 'info',
  timestamp: '31-10-2021, 11:15:21'
}
{
  message: 'database connected',
  level: 'info',
  timestamp: '31-10-2021, 11:22:29'
}
{
  message: 'database connected',
  level: 'info',
  timestamp: '31-10-2021, 11:22:42'
}
{
  message: 'database connected',
  level: 'info',
  timestamp: '31-10-2021, 11:25:07'
}
{
  message: 'database connected',
  level: 'info',
  timestamp: '31-10-2021, 11:29:25'
}
{
  message: 'database connected',
  level: 'info',
  timestamp: '31-10-2021, 11:29:28'
}
{
  message: 'database connected',
  level: 'info',
  timestamp: '31-10-2021, 11:30:19'
}
{
  message: 'database connected',
  level: 'info',
  timestamp: '31-10-2021, 11:32:13'
}
{
  message: 'database connected',
  level: 'info',
  timestamp: '31-10-2021, 11:33:04'
}
{
  message: 'database connected',
  level: 'info',
  timestamp: '31-10-2021, 11:33:24'
}
{
  message: 'database connected',
  level: 'info',
  timestamp: '31-10-2021, 11:36:17'
}
{
  message: 'database connected',
  level: 'info',
  timestamp: '31-10-2021, 11:39:59'
}
{
  message: 'database connected',
  level: 'info',
  timestamp: '31-10-2021, 11:40:20'
}
{
  message: 'database connected',
  level: 'info',
  timestamp: '31-10-2021, 13:29:14'
}
{
  message: 'database connected',
  level: 'info',
  timestamp: '31-10-2021, 13:29:50'
}
{
  message: 'database connected',
  level: 'info',
  timestamp: '31-10-2021, 13:30:10'
}
{
  message: 'database connected',
  level: 'info',
  timestamp: '31-10-2021, 13:31:00'
}
{
  message: 'database connected',
  level: 'info',
  timestamp: '31-10-2021, 13:31:11'
}
{
  message: 'database connected',
  level: 'info',
  timestamp: '31-10-2021, 14:32:05'
}
{
  message: 'database connected',
  level: 'info',
  timestamp: '31-10-2021, 14:50:08'
}
{
  message: 'database connected',
  level: 'info',
  timestamp: '31-10-2021, 14:52:20'
}
{
  message: 'database connected',
  level: 'info',
  timestamp: '31-10-2021, 16:59:00'
}
{
  message: 'database connected',
  level: 'info',
  timestamp: '31-10-2021, 16:59:31'
}
{
  message: 'database connected',
  level: 'info',
  timestamp: '31-10-2021, 17:01:16'
}
{
  message: 'database connected',
  level: 'info',
  timestamp: '31-10-2021, 17:16:10'
}
{
  message: 'database connected',
  level: 'info',
  timestamp: '31-10-2021, 17:18:36'
}
{
  message: 'database connected',
  level: 'info',
  timestamp: '31-10-2021, 17:19:40'
}
{
  message: 'database connected',
  level: 'info',
  timestamp: '31-10-2021, 17:21:07'
}
{
  message: 'database connected',
  level: 'info',
  timestamp: '31-10-2021, 17:21:12'
}
{
  message: 'database connected',
  level: 'info',
  timestamp: '31-10-2021, 17:26:07'
}
{
  message: 'database connected',
  level: 'info',
  timestamp: '31-10-2021, 18:15:00'
}
{
  message: 'database connected',
  level: 'info',
  timestamp: '31-10-2021, 21:28:54'
}
