{
  message: 'database connected',
  level: 'info',
  timestamp: '14-11-2021, 11:50:10'
}
{
  message: 'database connected',
  level: 'info',
  timestamp: '14-11-2021, 11:56:47'
}
{
  message: 'database connected',
  level: 'info',
  timestamp: '14-11-2021, 11:57:51'
}
{
  message: 'database connected',
  level: 'info',
  timestamp: '14-11-2021, 12:10:45'
}
{
  message: 'database connected',
  level: 'info',
  timestamp: '14-11-2021, 12:15:31'
}
{
  message: 'database connected',
  level: 'info',
  timestamp: '14-11-2021, 12:16:05'
}
{
  message: 'database connected',
  level: 'info',
  timestamp: '14-11-2021, 12:18:51'
}
{
  message: 'database connected',
  level: 'info',
  timestamp: '14-11-2021, 13:23:59'
}
{
  message: 'database connected',
  level: 'info',
  timestamp: '14-11-2021, 13:25:31'
}
{
  message: 'database connected',
  level: 'info',
  timestamp: '14-11-2021, 13:26:43'
}
{
  message: 'database connected',
  level: 'info',
  timestamp: '14-11-2021, 13:26:48'
}
{
  message: 'database connected',
  level: 'info',
  timestamp: '14-11-2021, 13:27:27'
}
{
  message: 'database connected',
  level: 'info',
  timestamp: '14-11-2021, 13:28:39'
}
{
  message: 'database connected',
  level: 'info',
  timestamp: '14-11-2021, 13:30:42'
}
{
  message: 'database connected',
  level: 'info',
  timestamp: '14-11-2021, 13:35:54'
}
{
  message: 'database connected',
  level: 'info',
  timestamp: '14-11-2021, 13:36:01'
}
{
  message: 'database connected',
  level: 'info',
  timestamp: '14-11-2021, 13:36:18'
}
{
  message: 'database connected',
  level: 'info',
  timestamp: '14-11-2021, 13:38:23'
}
{
  message: 'database connected',
  level: 'info',
  timestamp: '14-11-2021, 13:38:35'
}
{
  message: 'database connected',
  level: 'info',
  timestamp: '14-11-2021, 13:41:59'
}
{
  message: 'database connected',
  level: 'info',
  timestamp: '14-11-2021, 13:42:38'
}
{
  message: 'database connected',
  level: 'info',
  timestamp: '14-11-2021, 13:44:22'
}
{
  message: 'database connected',
  level: 'info',
  timestamp: '14-11-2021, 13:46:57'
}
{
  message: 'database connected',
  level: 'info',
  timestamp: '14-11-2021, 13:47:01'
}
{
  message: 'database connected',
  level: 'info',
  timestamp: '14-11-2021, 13:55:16'
}
{
  message: 'database connected',
  level: 'info',
  timestamp: '14-11-2021, 13:57:25'
}
{
  message: 'database connected',
  level: 'info',
  timestamp: '14-11-2021, 13:57:31'
}
{
  message: 'database connected',
  level: 'info',
  timestamp: '14-11-2021, 13:58:18'
}
{
  message: 'database connected',
  level: 'info',
  timestamp: '14-11-2021, 13:59:51'
}
{
  message: 'database connected',
  level: 'info',
  timestamp: '14-11-2021, 14:06:41'
}
{
  message: 'database connected',
  level: 'info',
  timestamp: '14-11-2021, 14:06:43'
}
{
  message: 'database connected',
  level: 'info',
  timestamp: '14-11-2021, 14:18:32'
}
{
  message: 'database connected',
  level: 'info',
  timestamp: '14-11-2021, 14:19:48'
}
{
  message: 'database connected',
  level: 'info',
  timestamp: '14-11-2021, 16:59:43'
}
{
  message: 'database connected',
  level: 'info',
  timestamp: '14-11-2021, 17:00:09'
}
{
  message: 'database connected',
  level: 'info',
  timestamp: '14-11-2021, 17:01:03'
}
{
  message: 'database connected',
  level: 'info',
  timestamp: '14-11-2021, 17:01:30'
}
{
  message: 'database connected',
  level: 'info',
  timestamp: '14-11-2021, 17:06:50'
}
{
  message: 'database connected',
  level: 'info',
  timestamp: '14-11-2021, 17:06:52'
}
{
  message: 'database connected',
  level: 'info',
  timestamp: '14-11-2021, 17:07:22'
}
{
  message: 'database connected',
  level: 'info',
  timestamp: '14-11-2021, 17:09:51'
}
{
  message: 'database connected',
  level: 'info',
  timestamp: '14-11-2021, 17:52:54'
}
